<?xml version="1.0" encoding="UTF-8"?>
<testng-results ignored="0" total="2" passed="1" failed="1" skipped="0">
  <reporter-output>
  </reporter-output>
  <suite started-at="2025-08-24T15:17:14 IST" name="Regression Test Suite" finished-at="2025-08-24T15:17:35 IST" duration-ms="20601">
    <groups>
    </groups>
    <test started-at="2025-08-24T15:17:14 IST" name="Regression Test" finished-at="2025-08-24T15:17:35 IST" duration-ms="20601">
      <class name="test.MxPlayerHomepageTest">
        <test-method is-config="true" signature="before()[pri:0, instance:test.MxPlayerHomepageTest@139982de]" started-at="2025-08-24T15:17:14 IST" name="before" finished-at="2025-08-24T15:17:21 IST" duration-ms="6636" status="PASS">
          <reporter-output>
          </reporter-output>
        </test-method> <!-- before -->
        <test-method signature="verifyMXPlayerHomepage()[pri:1, instance:test.MxPlayerHomepageTest@139982de]" started-at="2025-08-24T15:17:21 IST" name="verifyMXPlayerHomepage" finished-at="2025-08-24T15:17:24 IST" duration-ms="3319" status="PASS">
          <reporter-output>
          </reporter-output>
        </test-method> <!-- verifyMXPlayerHomepage -->
        <test-method is-config="true" signature="after(org.testng.ITestResult)[pri:0, instance:test.MxPlayerHomepageTest@139982de]" started-at="2025-08-24T15:17:24 IST" name="after" finished-at="2025-08-24T15:17:25 IST" duration-ms="341" status="PASS">
          <params>
            <param index="0">
              <value>
                <![CDATA[[TestResult name=verifyMXPlayerHomepage status=SUCCESS method=MxPlayerHomepageTest.verifyMXPlayerHomepage()[pri:1, instance:test.MxPlayerHomepageTest@139982de] output={null}]]]>
              </value>
            </param>
          </params>
          <reporter-output>
          </reporter-output>
        </test-method> <!-- after -->
        <test-method is-config="true" signature="before()[pri:0, instance:test.MxPlayerHomepageTest@139982de]" started-at="2025-08-24T15:17:25 IST" name="before" finished-at="2025-08-24T15:17:31 IST" duration-ms="6145" status="PASS">
          <reporter-output>
          </reporter-output>
        </test-method> <!-- before -->
        <test-method signature="verifyLinks()[pri:2, instance:test.MxPlayerHomepageTest@139982de]" started-at="2025-08-24T15:17:31 IST" name="verifyLinks" finished-at="2025-08-24T15:17:34 IST" duration-ms="3474" status="FAIL">
          <exception class="java.lang.AssertionError">
            <message>
              <![CDATA[expected [true] but found [false]]]>
            </message>
            <full-stacktrace>
              <![CDATA[java.lang.AssertionError: expected [true] but found [false]
at org.testng.Assert.fail(Assert.java:110)
at org.testng.Assert.failNotEquals(Assert.java:1413)
at org.testng.Assert.assertTrue(Assert.java:56)
at org.testng.Assert.assertTrue(Assert.java:66)
at page.MXPlayerPage.verifyAllLinks(MXPlayerPage.java:22)
at test.MxPlayerHomepageTest.verifyLinks(MxPlayerHomepageTest.java:36)
at java.base/jdk.internal.reflect.DirectMethodHandleAccessor.invoke(DirectMethodHandleAccessor.java:103)
at java.base/java.lang.reflect.Method.invoke(Method.java:580)
at org.testng.internal.invokers.MethodInvocationHelper.invokeMethod(MethodInvocationHelper.java:139)
at org.testng.internal.invokers.TestInvoker.invokeMethod(TestInvoker.java:677)
at org.testng.internal.invokers.TestInvoker.invokeTestMethod(TestInvoker.java:221)
at org.testng.internal.invokers.MethodRunner.runInSequence(MethodRunner.java:50)
at org.testng.internal.invokers.TestInvoker$MethodInvocationAgent.invoke(TestInvoker.java:969)
at org.testng.internal.invokers.TestInvoker.invokeTestMethods(TestInvoker.java:194)
at org.testng.internal.invokers.TestMethodWorker.invokeTestMethods(TestMethodWorker.java:148)
at org.testng.internal.invokers.TestMethodWorker.run(TestMethodWorker.java:128)
at java.base/java.util.ArrayList.forEach(ArrayList.java:1596)
at org.testng.TestRunner.privateRun(TestRunner.java:829)
at org.testng.TestRunner.run(TestRunner.java:602)
at org.testng.SuiteRunner.runTest(SuiteRunner.java:437)
at org.testng.SuiteRunner.runSequentially(SuiteRunner.java:431)
at org.testng.SuiteRunner.privateRun(SuiteRunner.java:391)
at org.testng.SuiteRunner.run(SuiteRunner.java:330)
at org.testng.SuiteRunnerWorker.runSuite(SuiteRunnerWorker.java:52)
at org.testng.SuiteRunnerWorker.run(SuiteRunnerWorker.java:95)
at org.testng.TestNG.runSuitesSequentially(TestNG.java:1256)
at org.testng.TestNG.runSuitesLocally(TestNG.java:1176)
at org.testng.TestNG.runSuites(TestNG.java:1099)
at org.testng.TestNG.run(TestNG.java:1067)
at org.apache.maven.surefire.testng.TestNGExecutor.run(TestNGExecutor.java:283)
at org.apache.maven.surefire.testng.TestNGXmlTestSuite.execute(TestNGXmlTestSuite.java:75)
at org.apache.maven.surefire.testng.TestNGProvider.invoke(TestNGProvider.java:120)
at org.apache.maven.surefire.booter.ForkedBooter.invokeProviderInSameClassLoader(ForkedBooter.java:386)
at org.apache.maven.surefire.booter.ForkedBooter.runSuitesInProcess(ForkedBooter.java:323)
at org.apache.maven.surefire.booter.ForkedBooter.main(ForkedBooter.java:143)
]]>
            </full-stacktrace>
          </exception> <!-- java.lang.AssertionError -->
          <reporter-output>
          </reporter-output>
        </test-method> <!-- verifyLinks -->
        <test-method is-config="true" signature="after(org.testng.ITestResult)[pri:0, instance:test.MxPlayerHomepageTest@139982de]" started-at="2025-08-24T15:17:34 IST" name="after" finished-at="2025-08-24T15:17:35 IST" duration-ms="641" status="PASS">
          <params>
            <param index="0">
              <value>
                <![CDATA[[TestResult name=verifyLinks status=FAILURE method=MxPlayerHomepageTest.verifyLinks()[pri:2, instance:test.MxPlayerHomepageTest@139982de] output={null}]]]>
              </value>
            </param>
          </params>
          <reporter-output>
          </reporter-output>
        </test-method> <!-- after -->
      </class> <!-- test.MxPlayerHomepageTest -->
    </test> <!-- Regression Test -->
  </suite> <!-- Regression Test Suite -->
</testng-results>
