<?xml version="1.0" encoding="UTF-8"?>
<testsuite xmlns:xsi="http://www.w3.org/2001/XMLSchema-instance" xsi:noNamespaceSchemaLocation="https://maven.apache.org/surefire/maven-surefire-plugin/xsd/surefire-test-report.xsd" name="TestSuite" time="31.115" tests="4" errors="0" skipped="0" failures="0">
  <properties>
[...]
</properties>
  <testcase name="verifyHomePage" classname="test.HomepageTest" time="0.23"/>
  <testcase name="searchProductAndVerifyFirstLink" classname="test.SearchProductTest" time="4.471"/>
  <testcase name="verifyMXPlayerHomepage" classname="test.MxPlayerHomepageTest" time="5.594"/>
  <testcase name="verifyLinks" classname="test.MxPlayerHomepageTest" time="3.056"/>
</testsuite>