<?xml version="1.0" encoding="UTF-8"?>
<!-- Generated by org.testng.reporters.JUnitXMLReporter -->
<testsuite ignored="0" hostname="Rajdeep" failures="1" tests="4" name="Regression Test" time="38.492" errors="0" timestamp="2025-08-24T15:10:19 IST">
  <testcase classname="test.HomepageTest" name="verifyHomePage" time="0.078"/>
  <testcase classname="test.SearchProductTest" name="searchProductAndVerifyFirstLink" time="1.892"/>
  <testcase classname="test.MxPlayerHomepageTest" name="verifyMXPlayerHomepage" time="4.65"/>
  <testcase classname="test.MxPlayerHomepageTest" name="verifyLinks" time="3.504">
    <failure type="java.lang.AssertionError" message="expected [true] but found [false]">
      <![CDATA[java.lang.AssertionError: expected [true] but found [false]
at page.MXPlayerPage.verifyAllLinks(MXPlayerPage.java:22)
at test.MxPlayerHomepageTest.verifyLinks(MxPlayerHomepageTest.java:35)
at java.base/java.util.ArrayList.forEach(ArrayList.java:1596)
... Removed 32 stack frames]]>
    </failure>
  </testcase> <!-- verifyLinks -->
</testsuite> <!-- Regression Test -->
