<?xml version="1.0" encoding="UTF-8"?>
<!-- Generated by org.testng.reporters.JUnitXMLReporter -->
<testsuite ignored="0" hostname="Rajdeep" failures="0" tests="4" name="Regression Test" time="30.26" errors="0" timestamp="2025-08-24T18:28:29 IST">
  <testcase classname="test.HomepageTest" name="verifyHomePage" time="0.224"/>
  <testcase classname="test.SearchProductTest" name="searchProductAndVerifyFirstLink" time="4.471"/>
  <testcase classname="test.MxPlayerHomepageTest" name="verifyMXPlayerHomepage" time="5.578"/>
  <testcase classname="test.MxPlayerHomepageTest" name="verifyLinks" time="3.057"/>
</testsuite> <!-- Regression Test -->
